<?xml version="1.0" encoding="utf-8"?><testsuites name="pytest tests"><testsuite name="pytest" errors="0" failures="0" skipped="0" tests="18" time="27.213" timestamp="2026-04-19T05:55:05.817751+00:00" hostname="agent-env-5c145f7e-8223-477a-bbe0-383f9725d2ce"><testcase classname="tests.test_scholara_api.TestAuth" name="test_login_admin_success" time="1.069" /><testcase classname="tests.test_scholara_api.TestAuth" name="test_login_teacher_success" time="0.816" /><testcase classname="tests.test_scholara_api.TestAuth" name="test_login_student_success" time="0.817" /><testcase classname="tests.test_scholara_api.TestAuth" name="test_login_parent_success" time="0.776" /><testcase classname="tests.test_scholara_api.TestAuth" name="test_login_invalid_credentials" time="0.615" /><testcase classname="tests.test_scholara_api.TestAuth" name="test_me_endpoint_with_valid_token" time="1.457" /><testcase classname="tests.test_scholara_api.TestAuth" name="test_me_endpoint_without_token" time="0.154" /><testcase classname="tests.test_scholara_api.TestDashboard" name="test_admin_dashboard" time="3.150" /><testcase classname="tests.test_scholara_api.TestDashboard" name="test_teacher_dashboard" time="1.921" /><testcase classname="tests.test_scholara_api.TestDashboard" name="test_student_dashboard" time="2.849" /><testcase classname="tests.test_scholara_api.TestDashboard" name="test_parent_dashboard" time="2.045" /><testcase classname="tests.test_scholara_api.TestStudents" name="test_list_students_as_admin" time="1.609" /><testcase classname="tests.test_scholara_api.TestStudents" name="test_list_students_by_class" time="1.622" /><testcase classname="tests.test_scholara_api.TestTeachers" name="test_list_teachers" time="1.581" /><testcase classname="tests.test_scholara_api.TestAttendance" name="test_get_attendance_for_class" time="1.599" /><testcase classname="tests.test_scholara_api.TestFees" name="test_list_fees_as_student" time="1.741" /><testcase classname="tests.test_scholara_api.TestNotifications" name="test_list_notifications" time="1.611" /><testcase classname="tests.test_scholara_api.TestLeaves" name="test_list_leaves_as_student" time="1.680" /></testsuite></testsuites>